<?xml version="1.0" encoding="UTF-8"?>
<!-- Generated by org.testng.reporters.JUnitReportReporter -->
<testsuite hostname="Samia" failures="0" tests="1" name="test.com.itexperts.CalculatorTest" time="0.003" errors="0" timestamp="28 Jan 2023 18:36:32 GMT">
  <testcase classname="test.com.itexperts.CalculatorTest" name="TestCal" time="0.003"/>
</testsuite> <!-- test.com.itexperts.CalculatorTest -->
